Determining if the pthread_create exist failed with the following output:
Change Dir: /home/cz0j2j/cplusplus-libraries/build/CMakeFiles/CMakeTmp

Run Build Command:"/usr/bin/make" "cmTC_9c258/fast"
/usr/bin/make -f CMakeFiles/cmTC_9c258.dir/build.make CMakeFiles/cmTC_9c258.dir/build
make[1]: Entering directory `/home/cz0j2j/cplusplus-libraries/build/CMakeFiles/CMakeTmp'
Building C object CMakeFiles/cmTC_9c258.dir/CheckSymbolExists.c.o
/usr/bin/gcc     -o CMakeFiles/cmTC_9c258.dir/CheckSymbolExists.c.o   -c /home/cz0j2j/cplusplus-libraries/build/CMakeFiles/CMakeTmp/CheckSymbolExists.c
Linking C executable cmTC_9c258
/usr/bin/cmake -E cmake_link_script CMakeFiles/cmTC_9c258.dir/link.txt --verbose=1
/usr/bin/gcc       CMakeFiles/cmTC_9c258.dir/CheckSymbolExists.c.o  -o cmTC_9c258 
CMakeFiles/cmTC_9c258.dir/CheckSymbolExists.c.o: In function `main':
CheckSymbolExists.c:(.text+0x16): undefined reference to `pthread_create'
collect2: error: ld returned 1 exit status
make[1]: *** [cmTC_9c258] Error 1
make[1]: Leaving directory `/home/cz0j2j/cplusplus-libraries/build/CMakeFiles/CMakeTmp'
make: *** [cmTC_9c258/fast] Error 2

File /home/cz0j2j/cplusplus-libraries/build/CMakeFiles/CMakeTmp/CheckSymbolExists.c:
/* */
#include <pthread.h>

int main(int argc, char** argv)
{
  (void)argv;
#ifndef pthread_create
  return ((int*)(&pthread_create))[argc];
#else
  (void)argc;
  return 0;
#endif
}

Determining if the function pthread_create exists in the pthreads failed with the following output:
Change Dir: /home/cz0j2j/cplusplus-libraries/build/CMakeFiles/CMakeTmp

Run Build Command:"/usr/bin/make" "cmTC_688b9/fast"
/usr/bin/make -f CMakeFiles/cmTC_688b9.dir/build.make CMakeFiles/cmTC_688b9.dir/build
make[1]: Entering directory `/home/cz0j2j/cplusplus-libraries/build/CMakeFiles/CMakeTmp'
Building C object CMakeFiles/cmTC_688b9.dir/CheckFunctionExists.c.o
/usr/bin/gcc    -DCHECK_FUNCTION_EXISTS=pthread_create   -o CMakeFiles/cmTC_688b9.dir/CheckFunctionExists.c.o   -c /usr/share/cmake-3.6/Modules/CheckFunctionExists.c
Linking C executable cmTC_688b9
/usr/bin/cmake -E cmake_link_script CMakeFiles/cmTC_688b9.dir/link.txt --verbose=1
/usr/bin/gcc   -DCHECK_FUNCTION_EXISTS=pthread_create    CMakeFiles/cmTC_688b9.dir/CheckFunctionExists.c.o  -o cmTC_688b9 -lpthreads 
/usr/bin/ld: cannot find -lpthreads
collect2: error: ld returned 1 exit status
make[1]: *** [cmTC_688b9] Error 1
make[1]: Leaving directory `/home/cz0j2j/cplusplus-libraries/build/CMakeFiles/CMakeTmp'
make: *** [cmTC_688b9/fast] Error 2


